This is pdfTeX, Version 3.14159265-2.6-1.40.18 (TeX Live 2017/Debian) (preloaded format=pdflatex 2020.2.25)  26 APR 2020 01:21
entering extended mode
 restricted \write18 enabled.
 %&-line parsing enabled.
**INICIO.tex
(./INICIO.tex
LaTeX2e <2017-04-15>
Babel <3.18> and hyphenation patterns for 84 language(s) loaded.
(/usr/share/texlive/texmf-dist/tex/latex/base/report.cls
Document Class: report 2014/09/29 v1.4h Standard LaTeX document class
(/usr/share/texlive/texmf-dist/tex/latex/base/size11.clo
File: size11.clo 2014/09/29 v1.4h Standard LaTeX file (size option)
)
\c@part=\count79
\c@chapter=\count80
\c@section=\count81
\c@subsection=\count82
\c@subsubsection=\count83
\c@paragraph=\count84
\c@subparagraph=\count85
\c@figure=\count86
\c@table=\count87
\abovecaptionskip=\skip41
\belowcaptionskip=\skip42
\bibindent=\dimen102
)
(./paquetes_todos.sty
(/usr/share/texlive/texmf-dist/tex/latex/natbib/natbib.sty
Package: natbib 2010/09/13 8.31b (PWD, AO)
\bibhang=\skip43
\bibsep=\skip44
LaTeX Info: Redefining \cite on input line 694.
\c@NAT@ctr=\count88
)
(/usr/share/texlive/texmf-dist/tex/generic/babel/babel.sty
Package: babel 2018/02/14 3.18 The Babel package

(/usr/share/texlive/texmf-dist/tex/generic/babel/switch.def
File: switch.def 2018/02/14 3.18 Babel switching mechanism
)
(/usr/share/texlive/texmf-dist/tex/generic/babel-english/english.ldf
Language: english 2017/06/06 v3.3r English support from the babel system

(/usr/share/texlive/texmf-dist/tex/generic/babel/babel.def
File: babel.def 2018/02/14 3.18 Babel common definitions
\babel@savecnt=\count89
\U@D=\dimen103

(/usr/share/texlive/texmf-dist/tex/generic/babel/txtbabel.def)
\bbl@dirlevel=\count90
)
\l@canadian = a dialect from \language\l@american 
\l@australian = a dialect from \language\l@british 
\l@newzealand = a dialect from \language\l@british 
)
(/usr/share/texlive/texmf-dist/tex/generic/babel-spanish/spanish.ldf
Language: spanish.ldf 2016/03/03 v5.0p Spanish support from the babel system
\es@quottoks=\toks14
\es@quotdepth=\count91
Package babel Info: Making " an active character on input line 561.
))
(./UNISONthesis.sty
Thesis: Universidad de Sonora `UNISONthesis' <14 feb 2017>.
Package: UNISONthesis 2017/02/14 v2.1 (J.A. Freyre-Gonzalez)
(/usr/share/texlive/texmf-dist/tex/latex/graphics/graphicx.sty
Package: graphicx 2017/06/01 v1.1a Enhanced LaTeX Graphics (DPC,SPQR)

(/usr/share/texlive/texmf-dist/tex/latex/graphics/keyval.sty
Package: keyval 2014/10/28 v1.15 key=value parser (DPC)
\KV@toks@=\toks15
)
(/usr/share/texlive/texmf-dist/tex/latex/graphics/graphics.sty
Package: graphics 2017/06/25 v1.2c Standard LaTeX Graphics (DPC,SPQR)

(/usr/share/texlive/texmf-dist/tex/latex/graphics/trig.sty
Package: trig 2016/01/03 v1.10 sin cos tan (DPC)
)
(/usr/share/texlive/texmf-dist/tex/latex/graphics-cfg/graphics.cfg
File: graphics.cfg 2016/06/04 v1.11 sample graphics configuration
)
Package graphics Info: Driver file: pdftex.def on input line 99.

(/usr/share/texlive/texmf-dist/tex/latex/graphics-def/pdftex.def
File: pdftex.def 2018/01/08 v1.0l Graphics/color driver for pdftex
))
\Gin@req@height=\dimen104
\Gin@req@width=\dimen105
)
(/usr/share/texlive/texmf-dist/tex/latex/setspace/setspace.sty
Package: setspace 2011/12/19 v6.7a set line spacing
))
(/usr/share/texlive/texmf-dist/tex/latex/amsmath/amsmath.sty
Package: amsmath 2017/09/02 v2.17a AMS math features
\@mathmargin=\skip45

For additional information on amsmath, use the `?' option.
(/usr/share/texlive/texmf-dist/tex/latex/amsmath/amstext.sty
Package: amstext 2000/06/29 v2.01 AMS text

(/usr/share/texlive/texmf-dist/tex/latex/amsmath/amsgen.sty
File: amsgen.sty 1999/11/30 v2.0 generic functions
\@emptytoks=\toks16
\ex@=\dimen106
))
(/usr/share/texlive/texmf-dist/tex/latex/amsmath/amsbsy.sty
Package: amsbsy 1999/11/29 v1.2d Bold Symbols
\pmbraise@=\dimen107
)
(/usr/share/texlive/texmf-dist/tex/latex/amsmath/amsopn.sty
Package: amsopn 2016/03/08 v2.02 operator names
)
\inf@bad=\count92
LaTeX Info: Redefining \frac on input line 213.
\uproot@=\count93
\leftroot@=\count94
LaTeX Info: Redefining \overline on input line 375.
\classnum@=\count95
\DOTSCASE@=\count96
LaTeX Info: Redefining \ldots on input line 472.
LaTeX Info: Redefining \dots on input line 475.
LaTeX Info: Redefining \cdots on input line 596.
\Mathstrutbox@=\box26
\strutbox@=\box27
\big@size=\dimen108
LaTeX Font Info:    Redeclaring font encoding OML on input line 712.
LaTeX Font Info:    Redeclaring font encoding OMS on input line 713.
\macc@depth=\count97
\c@MaxMatrixCols=\count98
\dotsspace@=\muskip10
\c@parentequation=\count99
\dspbrk@lvl=\count100
\tag@help=\toks17
\row@=\count101
\column@=\count102
\maxfields@=\count103
\andhelp@=\toks18
\eqnshift@=\dimen109
\alignsep@=\dimen110
\tagshift@=\dimen111
\tagwidth@=\dimen112
\totwidth@=\dimen113
\lineht@=\dimen114
\@envbody=\toks19
\multlinegap=\skip46
\multlinetaggap=\skip47
\mathdisplay@stack=\toks20
LaTeX Info: Redefining \[ on input line 2817.
LaTeX Info: Redefining \] on input line 2818.
)
(/usr/share/texlive/texmf-dist/tex/latex/amsfonts/amsfonts.sty
Package: amsfonts 2013/01/14 v3.01 Basic AMSFonts support
\symAMSa=\mathgroup4
\symAMSb=\mathgroup5
LaTeX Font Info:    Overwriting math alphabet `\mathfrak' in version `bold'
(Font)                  U/euf/m/n --> U/euf/b/n on input line 106.
)
(/usr/share/texlive/texmf-dist/tex/latex/amsfonts/amssymb.sty
Package: amssymb 2013/01/14 v3.01 AMS font symbols
)
(/usr/share/texlive/texmf-dist/tex/latex/base/inputenc.sty
Package: inputenc 2015/03/17 v1.2c Input encoding file
\inpenc@prehook=\toks21
\inpenc@posthook=\toks22

(/usr/share/texlive/texmf-dist/tex/latex/base/utf8.def
File: utf8.def 2017/01/28 v1.1t UTF-8 support for inputenc
Now handling font encoding OML ...
... no UTF-8 mapping file for font encoding OML
Now handling font encoding T1 ...
... processing UTF-8 mapping file for font encoding T1

(/usr/share/texlive/texmf-dist/tex/latex/base/t1enc.dfu
File: t1enc.dfu 2017/01/28 v1.1t UTF-8 support for inputenc
   defining Unicode char U+00A0 (decimal 160)
   defining Unicode char U+00A1 (decimal 161)
   defining Unicode char U+00A3 (decimal 163)
   defining Unicode char U+00AB (decimal 171)
   defining Unicode char U+00AD (decimal 173)
   defining Unicode char U+00BB (decimal 187)
   defining Unicode char U+00BF (decimal 191)
   defining Unicode char U+00C0 (decimal 192)
   defining Unicode char U+00C1 (decimal 193)
   defining Unicode char U+00C2 (decimal 194)
   defining Unicode char U+00C3 (decimal 195)
   defining Unicode char U+00C4 (decimal 196)
   defining Unicode char U+00C5 (decimal 197)
   defining Unicode char U+00C6 (decimal 198)
   defining Unicode char U+00C7 (decimal 199)
   defining Unicode char U+00C8 (decimal 200)
   defining Unicode char U+00C9 (decimal 201)
   defining Unicode char U+00CA (decimal 202)
   defining Unicode char U+00CB (decimal 203)
   defining Unicode char U+00CC (decimal 204)
   defining Unicode char U+00CD (decimal 205)
   defining Unicode char U+00CE (decimal 206)
   defining Unicode char U+00CF (decimal 207)
   defining Unicode char U+00D0 (decimal 208)
   defining Unicode char U+00D1 (decimal 209)
   defining Unicode char U+00D2 (decimal 210)
   defining Unicode char U+00D3 (decimal 211)
   defining Unicode char U+00D4 (decimal 212)
   defining Unicode char U+00D5 (decimal 213)
   defining Unicode char U+00D6 (decimal 214)
   defining Unicode char U+00D8 (decimal 216)
   defining Unicode char U+00D9 (decimal 217)
   defining Unicode char U+00DA (decimal 218)
   defining Unicode char U+00DB (decimal 219)
   defining Unicode char U+00DC (decimal 220)
   defining Unicode char U+00DD (decimal 221)
   defining Unicode char U+00DE (decimal 222)
   defining Unicode char U+00DF (decimal 223)
   defining Unicode char U+00E0 (decimal 224)
   defining Unicode char U+00E1 (decimal 225)
   defining Unicode char U+00E2 (decimal 226)
   defining Unicode char U+00E3 (decimal 227)
   defining Unicode char U+00E4 (decimal 228)
   defining Unicode char U+00E5 (decimal 229)
   defining Unicode char U+00E6 (decimal 230)
   defining Unicode char U+00E7 (decimal 231)
   defining Unicode char U+00E8 (decimal 232)
   defining Unicode char U+00E9 (decimal 233)
   defining Unicode char U+00EA (decimal 234)
   defining Unicode char U+00EB (decimal 235)
   defining Unicode char U+00EC (decimal 236)
   defining Unicode char U+00ED (decimal 237)
   defining Unicode char U+00EE (decimal 238)
   defining Unicode char U+00EF (decimal 239)
   defining Unicode char U+00F0 (decimal 240)
   defining Unicode char U+00F1 (decimal 241)
   defining Unicode char U+00F2 (decimal 242)
   defining Unicode char U+00F3 (decimal 243)
   defining Unicode char U+00F4 (decimal 244)
   defining Unicode char U+00F5 (decimal 245)
   defining Unicode char U+00F6 (decimal 246)
   defining Unicode char U+00F8 (decimal 248)
   defining Unicode char U+00F9 (decimal 249)
   defining Unicode char U+00FA (decimal 250)
   defining Unicode char U+00FB (decimal 251)
   defining Unicode char U+00FC (decimal 252)
   defining Unicode char U+00FD (decimal 253)
   defining Unicode char U+00FE (decimal 254)
   defining Unicode char U+00FF (decimal 255)
   defining Unicode char U+0100 (decimal 256)
   defining Unicode char U+0101 (decimal 257)
   defining Unicode char U+0102 (decimal 258)
   defining Unicode char U+0103 (decimal 259)
   defining Unicode char U+0104 (decimal 260)
   defining Unicode char U+0105 (decimal 261)
   defining Unicode char U+0106 (decimal 262)
   defining Unicode char U+0107 (decimal 263)
   defining Unicode char U+0108 (decimal 264)
   defining Unicode char U+0109 (decimal 265)
   defining Unicode char U+010A (decimal 266)
   defining Unicode char U+010B (decimal 267)
   defining Unicode char U+010C (decimal 268)
   defining Unicode char U+010D (decimal 269)
   defining Unicode char U+010E (decimal 270)
   defining Unicode char U+010F (decimal 271)
   defining Unicode char U+0110 (decimal 272)
   defining Unicode char U+0111 (decimal 273)
   defining Unicode char U+0112 (decimal 274)
   defining Unicode char U+0113 (decimal 275)
   defining Unicode char U+0114 (decimal 276)
   defining Unicode char U+0115 (decimal 277)
   defining Unicode char U+0116 (decimal 278)
   defining Unicode char U+0117 (decimal 279)
   defining Unicode char U+0118 (decimal 280)
   defining Unicode char U+0119 (decimal 281)
   defining Unicode char U+011A (decimal 282)
   defining Unicode char U+011B (decimal 283)
   defining Unicode char U+011C (decimal 284)
   defining Unicode char U+011D (decimal 285)
   defining Unicode char U+011E (decimal 286)
   defining Unicode char U+011F (decimal 287)
   defining Unicode char U+0120 (decimal 288)
   defining Unicode char U+0121 (decimal 289)
   defining Unicode char U+0122 (decimal 290)
   defining Unicode char U+0123 (decimal 291)
   defining Unicode char U+0124 (decimal 292)
   defining Unicode char U+0125 (decimal 293)
   defining Unicode char U+0128 (decimal 296)
   defining Unicode char U+0129 (decimal 297)
   defining Unicode char U+012A (decimal 298)
   defining Unicode char U+012B (decimal 299)
   defining Unicode char U+012C (decimal 300)
   defining Unicode char U+012D (decimal 301)
   defining Unicode char U+012E (decimal 302)
   defining Unicode char U+012F (decimal 303)
   defining Unicode char U+0130 (decimal 304)
   defining Unicode char U+0131 (decimal 305)
   defining Unicode char U+0132 (decimal 306)
   defining Unicode char U+0133 (decimal 307)
   defining Unicode char U+0134 (decimal 308)
   defining Unicode char U+0135 (decimal 309)
   defining Unicode char U+0136 (decimal 310)
   defining Unicode char U+0137 (decimal 311)
   defining Unicode char U+0139 (decimal 313)
   defining Unicode char U+013A (decimal 314)
   defining Unicode char U+013B (decimal 315)
   defining Unicode char U+013C (decimal 316)
   defining Unicode char U+013D (decimal 317)
   defining Unicode char U+013E (decimal 318)
   defining Unicode char U+0141 (decimal 321)
   defining Unicode char U+0142 (decimal 322)
   defining Unicode char U+0143 (decimal 323)
   defining Unicode char U+0144 (decimal 324)
   defining Unicode char U+0145 (decimal 325)
   defining Unicode char U+0146 (decimal 326)
   defining Unicode char U+0147 (decimal 327)
   defining Unicode char U+0148 (decimal 328)
   defining Unicode char U+014A (decimal 330)
   defining Unicode char U+014B (decimal 331)
   defining Unicode char U+014C (decimal 332)
   defining Unicode char U+014D (decimal 333)
   defining Unicode char U+014E (decimal 334)
   defining Unicode char U+014F (decimal 335)
   defining Unicode char U+0150 (decimal 336)
   defining Unicode char U+0151 (decimal 337)
   defining Unicode char U+0152 (decimal 338)
   defining Unicode char U+0153 (decimal 339)
   defining Unicode char U+0154 (decimal 340)
   defining Unicode char U+0155 (decimal 341)
   defining Unicode char U+0156 (decimal 342)
   defining Unicode char U+0157 (decimal 343)
   defining Unicode char U+0158 (decimal 344)
   defining Unicode char U+0159 (decimal 345)
   defining Unicode char U+015A (decimal 346)
   defining Unicode char U+015B (decimal 347)
   defining Unicode char U+015C (decimal 348)
   defining Unicode char U+015D (decimal 349)
   defining Unicode char U+015E (decimal 350)
   defining Unicode char U+015F (decimal 351)
   defining Unicode char U+0160 (decimal 352)
   defining Unicode char U+0161 (decimal 353)
   defining Unicode char U+0162 (decimal 354)
   defining Unicode char U+0163 (decimal 355)
   defining Unicode char U+0164 (decimal 356)
   defining Unicode char U+0165 (decimal 357)
   defining Unicode char U+0168 (decimal 360)
   defining Unicode char U+0169 (decimal 361)
   defining Unicode char U+016A (decimal 362)
   defining Unicode char U+016B (decimal 363)
   defining Unicode char U+016C (decimal 364)
   defining Unicode char U+016D (decimal 365)
   defining Unicode char U+016E (decimal 366)
   defining Unicode char U+016F (decimal 367)
   defining Unicode char U+0170 (decimal 368)
   defining Unicode char U+0171 (decimal 369)
   defining Unicode char U+0172 (decimal 370)
   defining Unicode char U+0173 (decimal 371)
   defining Unicode char U+0174 (decimal 372)
   defining Unicode char U+0175 (decimal 373)
   defining Unicode char U+0176 (decimal 374)
   defining Unicode char U+0177 (decimal 375)
   defining Unicode char U+0178 (decimal 376)
   defining Unicode char U+0179 (decimal 377)
   defining Unicode char U+017A (decimal 378)
   defining Unicode char U+017B (decimal 379)
   defining Unicode char U+017C (decimal 380)
   defining Unicode char U+017D (decimal 381)
   defining Unicode char U+017E (decimal 382)
   defining Unicode char U+01CD (decimal 461)
   defining Unicode char U+01CE (decimal 462)
   defining Unicode char U+01CF (decimal 463)
   defining Unicode char U+01D0 (decimal 464)
   defining Unicode char U+01D1 (decimal 465)
   defining Unicode char U+01D2 (decimal 466)
   defining Unicode char U+01D3 (decimal 467)
   defining Unicode char U+01D4 (decimal 468)
   defining Unicode char U+01E2 (decimal 482)
   defining Unicode char U+01E3 (decimal 483)
   defining Unicode char U+01E6 (decimal 486)
   defining Unicode char U+01E7 (decimal 487)
   defining Unicode char U+01E8 (decimal 488)
   defining Unicode char U+01E9 (decimal 489)
   defining Unicode char U+01EA (decimal 490)
   defining Unicode char U+01EB (decimal 491)
   defining Unicode char U+01F0 (decimal 496)
   defining Unicode char U+01F4 (decimal 500)
   defining Unicode char U+01F5 (decimal 501)
   defining Unicode char U+0218 (decimal 536)
   defining Unicode char U+0219 (decimal 537)
   defining Unicode char U+021A (decimal 538)
   defining Unicode char U+021B (decimal 539)
   defining Unicode char U+0232 (decimal 562)
   defining Unicode char U+0233 (decimal 563)
   defining Unicode char U+1E02 (decimal 7682)
   defining Unicode char U+1E03 (decimal 7683)
   defining Unicode char U+200C (decimal 8204)
   defining Unicode char U+2010 (decimal 8208)
   defining Unicode char U+2011 (decimal 8209)
   defining Unicode char U+2012 (decimal 8210)
   defining Unicode char U+2013 (decimal 8211)
   defining Unicode char U+2014 (decimal 8212)
   defining Unicode char U+2015 (decimal 8213)
   defining Unicode char U+2018 (decimal 8216)
   defining Unicode char U+2019 (decimal 8217)
   defining Unicode char U+201A (decimal 8218)
   defining Unicode char U+201C (decimal 8220)
   defining Unicode char U+201D (decimal 8221)
   defining Unicode char U+201E (decimal 8222)
   defining Unicode char U+2030 (decimal 8240)
   defining Unicode char U+2031 (decimal 8241)
   defining Unicode char U+2039 (decimal 8249)
   defining Unicode char U+203A (decimal 8250)
   defining Unicode char U+2423 (decimal 9251)
   defining Unicode char U+1E20 (decimal 7712)
   defining Unicode char U+1E21 (decimal 7713)
)
Now handling font encoding OT1 ...
... processing UTF-8 mapping file for font encoding OT1

(/usr/share/texlive/texmf-dist/tex/latex/base/ot1enc.dfu
File: ot1enc.dfu 2017/01/28 v1.1t UTF-8 support for inputenc
   defining Unicode char U+00A0 (decimal 160)
   defining Unicode char U+00A1 (decimal 161)
   defining Unicode char U+00A3 (decimal 163)
   defining Unicode char U+00AD (decimal 173)
   defining Unicode char U+00B8 (decimal 184)
   defining Unicode char U+00BF (decimal 191)
   defining Unicode char U+00C5 (decimal 197)
   defining Unicode char U+00C6 (decimal 198)
   defining Unicode char U+00D8 (decimal 216)
   defining Unicode char U+00DF (decimal 223)
   defining Unicode char U+00E6 (decimal 230)
   defining Unicode char U+00EC (decimal 236)
   defining Unicode char U+00ED (decimal 237)
   defining Unicode char U+00EE (decimal 238)
   defining Unicode char U+00EF (decimal 239)
   defining Unicode char U+00F8 (decimal 248)
   defining Unicode char U+0131 (decimal 305)
   defining Unicode char U+0141 (decimal 321)
   defining Unicode char U+0142 (decimal 322)
   defining Unicode char U+0152 (decimal 338)
   defining Unicode char U+0153 (decimal 339)
   defining Unicode char U+0174 (decimal 372)
   defining Unicode char U+0175 (decimal 373)
   defining Unicode char U+0176 (decimal 374)
   defining Unicode char U+0177 (decimal 375)
   defining Unicode char U+0218 (decimal 536)
   defining Unicode char U+0219 (decimal 537)
   defining Unicode char U+021A (decimal 538)
   defining Unicode char U+021B (decimal 539)
   defining Unicode char U+2013 (decimal 8211)
   defining Unicode char U+2014 (decimal 8212)
   defining Unicode char U+2018 (decimal 8216)
   defining Unicode char U+2019 (decimal 8217)
   defining Unicode char U+201C (decimal 8220)
   defining Unicode char U+201D (decimal 8221)
)
Now handling font encoding OMS ...
... processing UTF-8 mapping file for font encoding OMS

(/usr/share/texlive/texmf-dist/tex/latex/base/omsenc.dfu
File: omsenc.dfu 2017/01/28 v1.1t UTF-8 support for inputenc
   defining Unicode char U+00A7 (decimal 167)
   defining Unicode char U+00B6 (decimal 182)
   defining Unicode char U+00B7 (decimal 183)
   defining Unicode char U+2020 (decimal 8224)
   defining Unicode char U+2021 (decimal 8225)
   defining Unicode char U+2022 (decimal 8226)
)
Now handling font encoding OMX ...
... no UTF-8 mapping file for font encoding OMX
Now handling font encoding U ...
... no UTF-8 mapping file for font encoding U
   defining Unicode char U+00A9 (decimal 169)
   defining Unicode char U+00AA (decimal 170)
   defining Unicode char U+00AE (decimal 174)
   defining Unicode char U+00BA (decimal 186)
   defining Unicode char U+02C6 (decimal 710)
   defining Unicode char U+02DC (decimal 732)
   defining Unicode char U+200C (decimal 8204)
   defining Unicode char U+2026 (decimal 8230)
   defining Unicode char U+2122 (decimal 8482)
   defining Unicode char U+2423 (decimal 9251)
))
(/usr/share/texlive/texmf-dist/tex/latex/base/fontenc.sty
Package: fontenc 2017/04/05 v2.0i Standard LaTeX package

(/usr/share/texlive/texmf-dist/tex/latex/base/t1enc.def
File: t1enc.def 2017/04/05 v2.0i Standard LaTeX file
LaTeX Font Info:    Redeclaring font encoding T1 on input line 48.
))
(/usr/share/texmf/tex/latex/lm/lmodern.sty
Package: lmodern 2009/10/30 v1.6 Latin Modern Fonts
LaTeX Font Info:    Overwriting symbol font `operators' in version `normal'
(Font)                  OT1/cmr/m/n --> OT1/lmr/m/n on input line 22.
LaTeX Font Info:    Overwriting symbol font `letters' in version `normal'
(Font)                  OML/cmm/m/it --> OML/lmm/m/it on input line 23.
LaTeX Font Info:    Overwriting symbol font `symbols' in version `normal'
(Font)                  OMS/cmsy/m/n --> OMS/lmsy/m/n on input line 24.
LaTeX Font Info:    Overwriting symbol font `largesymbols' in version `normal'
(Font)                  OMX/cmex/m/n --> OMX/lmex/m/n on input line 25.
LaTeX Font Info:    Overwriting symbol font `operators' in version `bold'
(Font)                  OT1/cmr/bx/n --> OT1/lmr/bx/n on input line 26.
LaTeX Font Info:    Overwriting symbol font `letters' in version `bold'
(Font)                  OML/cmm/b/it --> OML/lmm/b/it on input line 27.
LaTeX Font Info:    Overwriting symbol font `symbols' in version `bold'
(Font)                  OMS/cmsy/b/n --> OMS/lmsy/b/n on input line 28.
LaTeX Font Info:    Overwriting symbol font `largesymbols' in version `bold'
(Font)                  OMX/cmex/m/n --> OMX/lmex/m/n on input line 29.
LaTeX Font Info:    Overwriting math alphabet `\mathbf' in version `normal'
(Font)                  OT1/cmr/bx/n --> OT1/lmr/bx/n on input line 31.
LaTeX Font Info:    Overwriting math alphabet `\mathsf' in version `normal'
(Font)                  OT1/cmss/m/n --> OT1/lmss/m/n on input line 32.
LaTeX Font Info:    Overwriting math alphabet `\mathit' in version `normal'
(Font)                  OT1/cmr/m/it --> OT1/lmr/m/it on input line 33.
LaTeX Font Info:    Overwriting math alphabet `\mathtt' in version `normal'
(Font)                  OT1/cmtt/m/n --> OT1/lmtt/m/n on input line 34.
LaTeX Font Info:    Overwriting math alphabet `\mathbf' in version `bold'
(Font)                  OT1/cmr/bx/n --> OT1/lmr/bx/n on input line 35.
LaTeX Font Info:    Overwriting math alphabet `\mathsf' in version `bold'
(Font)                  OT1/cmss/bx/n --> OT1/lmss/bx/n on input line 36.
LaTeX Font Info:    Overwriting math alphabet `\mathit' in version `bold'
(Font)                  OT1/cmr/bx/it --> OT1/lmr/bx/it on input line 37.
LaTeX Font Info:    Overwriting math alphabet `\mathtt' in version `bold'
(Font)                  OT1/cmtt/m/n --> OT1/lmtt/m/n on input line 38.
)
(/usr/share/texlive/texmf-dist/tex/latex/base/textcomp.sty
Package: textcomp 2017/04/05 v2.0i Standard LaTeX package
Package textcomp Info: Sub-encoding information:
(textcomp)               5 = only ISO-Adobe without \textcurrency
(textcomp)               4 = 5 + \texteuro
(textcomp)               3 = 4 + \textohm
(textcomp)               2 = 3 + \textestimated + \textcurrency
(textcomp)               1 = TS1 - \textcircled - \t
(textcomp)               0 = TS1 (full)
(textcomp)             Font families with sub-encoding setting implement
(textcomp)             only a restricted character set as indicated.
(textcomp)             Family '?' is the default used for unknown fonts.
(textcomp)             See the documentation for details.
Package textcomp Info: Setting ? sub-encoding to TS1/1 on input line 79.

(/usr/share/texlive/texmf-dist/tex/latex/base/ts1enc.def
File: ts1enc.def 2001/06/05 v3.0e (jk/car/fm) Standard LaTeX file
Now handling font encoding TS1 ...
... processing UTF-8 mapping file for font encoding TS1

(/usr/share/texlive/texmf-dist/tex/latex/base/ts1enc.dfu
File: ts1enc.dfu 2017/01/28 v1.1t UTF-8 support for inputenc
   defining Unicode char U+00A2 (decimal 162)
   defining Unicode char U+00A3 (decimal 163)
   defining Unicode char U+00A4 (decimal 164)
   defining Unicode char U+00A5 (decimal 165)
   defining Unicode char U+00A6 (decimal 166)
   defining Unicode char U+00A7 (decimal 167)
   defining Unicode char U+00A8 (decimal 168)
   defining Unicode char U+00A9 (decimal 169)
   defining Unicode char U+00AA (decimal 170)
   defining Unicode char U+00AC (decimal 172)
   defining Unicode char U+00AE (decimal 174)
   defining Unicode char U+00AF (decimal 175)
   defining Unicode char U+00B0 (decimal 176)
   defining Unicode char U+00B1 (decimal 177)
   defining Unicode char U+00B2 (decimal 178)
   defining Unicode char U+00B3 (decimal 179)
   defining Unicode char U+00B4 (decimal 180)
   defining Unicode char U+00B5 (decimal 181)
   defining Unicode char U+00B6 (decimal 182)
   defining Unicode char U+00B7 (decimal 183)
   defining Unicode char U+00B9 (decimal 185)
   defining Unicode char U+00BA (decimal 186)
   defining Unicode char U+00BC (decimal 188)
   defining Unicode char U+00BD (decimal 189)
   defining Unicode char U+00BE (decimal 190)
   defining Unicode char U+00D7 (decimal 215)
   defining Unicode char U+00F7 (decimal 247)
   defining Unicode char U+0192 (decimal 402)
   defining Unicode char U+02C7 (decimal 711)
   defining Unicode char U+02D8 (decimal 728)
   defining Unicode char U+02DD (decimal 733)
   defining Unicode char U+0E3F (decimal 3647)
   defining Unicode char U+2016 (decimal 8214)
   defining Unicode char U+2020 (decimal 8224)
   defining Unicode char U+2021 (decimal 8225)
   defining Unicode char U+2022 (decimal 8226)
   defining Unicode char U+2030 (decimal 8240)
   defining Unicode char U+2031 (decimal 8241)
   defining Unicode char U+203B (decimal 8251)
   defining Unicode char U+203D (decimal 8253)
   defining Unicode char U+2044 (decimal 8260)
   defining Unicode char U+204E (decimal 8270)
   defining Unicode char U+2052 (decimal 8274)
   defining Unicode char U+20A1 (decimal 8353)
   defining Unicode char U+20A4 (decimal 8356)
   defining Unicode char U+20A6 (decimal 8358)
   defining Unicode char U+20A9 (decimal 8361)
   defining Unicode char U+20AB (decimal 8363)
   defining Unicode char U+20AC (decimal 8364)
   defining Unicode char U+20B1 (decimal 8369)
   defining Unicode char U+2103 (decimal 8451)
   defining Unicode char U+2116 (decimal 8470)
   defining Unicode char U+2117 (decimal 8471)
   defining Unicode char U+211E (decimal 8478)
   defining Unicode char U+2120 (decimal 8480)
   defining Unicode char U+2122 (decimal 8482)
   defining Unicode char U+2126 (decimal 8486)
   defining Unicode char U+2127 (decimal 8487)
   defining Unicode char U+212E (decimal 8494)
   defining Unicode char U+2190 (decimal 8592)
   defining Unicode char U+2191 (decimal 8593)
   defining Unicode char U+2192 (decimal 8594)
   defining Unicode char U+2193 (decimal 8595)
   defining Unicode char U+2329 (decimal 9001)
   defining Unicode char U+232A (decimal 9002)
   defining Unicode char U+2422 (decimal 9250)
   defining Unicode char U+25E6 (decimal 9702)
   defining Unicode char U+25EF (decimal 9711)
   defining Unicode char U+266A (decimal 9834)
))
LaTeX Info: Redefining \oldstylenums on input line 334.
Package textcomp Info: Setting cmr sub-encoding to TS1/0 on input line 349.
Package textcomp Info: Setting cmss sub-encoding to TS1/0 on input line 350.
Package textcomp Info: Setting cmtt sub-encoding to TS1/0 on input line 351.
Package textcomp Info: Setting cmvtt sub-encoding to TS1/0 on input line 352.
Package textcomp Info: Setting cmbr sub-encoding to TS1/0 on input line 353.
Package textcomp Info: Setting cmtl sub-encoding to TS1/0 on input line 354.
Package textcomp Info: Setting ccr sub-encoding to TS1/0 on input line 355.
Package textcomp Info: Setting ptm sub-encoding to TS1/4 on input line 356.
Package textcomp Info: Setting pcr sub-encoding to TS1/4 on input line 357.
Package textcomp Info: Setting phv sub-encoding to TS1/4 on input line 358.
Package textcomp Info: Setting ppl sub-encoding to TS1/3 on input line 359.
Package textcomp Info: Setting pag sub-encoding to TS1/4 on input line 360.
Package textcomp Info: Setting pbk sub-encoding to TS1/4 on input line 361.
Package textcomp Info: Setting pnc sub-encoding to TS1/4 on input line 362.
Package textcomp Info: Setting pzc sub-encoding to TS1/4 on input line 363.
Package textcomp Info: Setting bch sub-encoding to TS1/4 on input line 364.
Package textcomp Info: Setting put sub-encoding to TS1/5 on input line 365.
Package textcomp Info: Setting uag sub-encoding to TS1/5 on input line 366.
Package textcomp Info: Setting ugq sub-encoding to TS1/5 on input line 367.
Package textcomp Info: Setting ul8 sub-encoding to TS1/4 on input line 368.
Package textcomp Info: Setting ul9 sub-encoding to TS1/4 on input line 369.
Package textcomp Info: Setting augie sub-encoding to TS1/5 on input line 370.
Package textcomp Info: Setting dayrom sub-encoding to TS1/3 on input line 371.
Package textcomp Info: Setting dayroms sub-encoding to TS1/3 on input line 372.

Package textcomp Info: Setting pxr sub-encoding to TS1/0 on input line 373.
Package textcomp Info: Setting pxss sub-encoding to TS1/0 on input line 374.
Package textcomp Info: Setting pxtt sub-encoding to TS1/0 on input line 375.
Package textcomp Info: Setting txr sub-encoding to TS1/0 on input line 376.
Package textcomp Info: Setting txss sub-encoding to TS1/0 on input line 377.
Package textcomp Info: Setting txtt sub-encoding to TS1/0 on input line 378.
Package textcomp Info: Setting lmr sub-encoding to TS1/0 on input line 379.
Package textcomp Info: Setting lmdh sub-encoding to TS1/0 on input line 380.
Package textcomp Info: Setting lmss sub-encoding to TS1/0 on input line 381.
Package textcomp Info: Setting lmssq sub-encoding to TS1/0 on input line 382.
Package textcomp Info: Setting lmvtt sub-encoding to TS1/0 on input line 383.
Package textcomp Info: Setting lmtt sub-encoding to TS1/0 on input line 384.
Package textcomp Info: Setting qhv sub-encoding to TS1/0 on input line 385.
Package textcomp Info: Setting qag sub-encoding to TS1/0 on input line 386.
Package textcomp Info: Setting qbk sub-encoding to TS1/0 on input line 387.
Package textcomp Info: Setting qcr sub-encoding to TS1/0 on input line 388.
Package textcomp Info: Setting qcs sub-encoding to TS1/0 on input line 389.
Package textcomp Info: Setting qpl sub-encoding to TS1/0 on input line 390.
Package textcomp Info: Setting qtm sub-encoding to TS1/0 on input line 391.
Package textcomp Info: Setting qzc sub-encoding to TS1/0 on input line 392.
Package textcomp Info: Setting qhvc sub-encoding to TS1/0 on input line 393.
Package textcomp Info: Setting futs sub-encoding to TS1/4 on input line 394.
Package textcomp Info: Setting futx sub-encoding to TS1/4 on input line 395.
Package textcomp Info: Setting futj sub-encoding to TS1/4 on input line 396.
Package textcomp Info: Setting hlh sub-encoding to TS1/3 on input line 397.
Package textcomp Info: Setting hls sub-encoding to TS1/3 on input line 398.
Package textcomp Info: Setting hlst sub-encoding to TS1/3 on input line 399.
Package textcomp Info: Setting hlct sub-encoding to TS1/5 on input line 400.
Package textcomp Info: Setting hlx sub-encoding to TS1/5 on input line 401.
Package textcomp Info: Setting hlce sub-encoding to TS1/5 on input line 402.
Package textcomp Info: Setting hlcn sub-encoding to TS1/5 on input line 403.
Package textcomp Info: Setting hlcw sub-encoding to TS1/5 on input line 404.
Package textcomp Info: Setting hlcf sub-encoding to TS1/5 on input line 405.
Package textcomp Info: Setting pplx sub-encoding to TS1/3 on input line 406.
Package textcomp Info: Setting pplj sub-encoding to TS1/3 on input line 407.
Package textcomp Info: Setting ptmx sub-encoding to TS1/4 on input line 408.
Package textcomp Info: Setting ptmj sub-encoding to TS1/4 on input line 409.
)
(/usr/share/texlive/texmf-dist/tex/latex/tools/array.sty
Package: array 2016/10/06 v2.4d Tabular extension package (FMi)
\col@sep=\dimen115
\extrarowheight=\dimen116
\NC@list=\toks23
\extratabsurround=\skip48
\backup@length=\skip49
)
(/usr/share/texlive/texmf-dist/tex/latex/booktabs/booktabs.sty
Package: booktabs 2016/04/27 v1.618033 publication quality tables
\heavyrulewidth=\dimen117
\lightrulewidth=\dimen118
\cmidrulewidth=\dimen119
\belowrulesep=\dimen120
\belowbottomsep=\dimen121
\aboverulesep=\dimen122
\abovetopsep=\dimen123
\cmidrulesep=\dimen124
\cmidrulekern=\dimen125
\defaultaddspace=\dimen126
\@cmidla=\count104
\@cmidlb=\count105
\@aboverulesep=\dimen127
\@belowrulesep=\dimen128
\@thisruleclass=\count106
\@lastruleclass=\count107
\@thisrulewidth=\dimen129
)
(/usr/share/texlive/texmf-dist/tex/latex/xcolor/xcolor.sty
Package: xcolor 2016/05/11 v2.12 LaTeX color extensions (UK)

(/usr/share/texlive/texmf-dist/tex/latex/graphics-cfg/color.cfg
File: color.cfg 2016/01/02 v1.6 sample color configuration
)
Package xcolor Info: Driver file: pdftex.def on input line 225.
Package xcolor Info: Model `cmy' substituted by `cmy0' on input line 1348.
Package xcolor Info: Model `hsb' substituted by `rgb' on input line 1352.
Package xcolor Info: Model `RGB' extended on input line 1364.
Package xcolor Info: Model `HTML' substituted by `rgb' on input line 1366.
Package xcolor Info: Model `Hsb' substituted by `hsb' on input line 1367.
Package xcolor Info: Model `tHsb' substituted by `hsb' on input line 1368.
Package xcolor Info: Model `HSB' substituted by `hsb' on input line 1369.
Package xcolor Info: Model `Gray' substituted by `gray' on input line 1370.
Package xcolor Info: Model `wave' substituted by `hsb' on input line 1371.
)
\c@theorem=\count108
\c@acknowledgement=\count109
\c@algorithm=\count110
\c@axiom=\count111
\c@case=\count112
\c@claim=\count113
\c@conclusion=\count114
\c@condition=\count115
\c@conjecture=\count116
\c@corollary=\count117
\c@criterion=\count118
\c@definition=\count119
\c@example=\count120
\c@exercise=\count121
\c@lemma=\count122
\c@notation=\count123
\c@problem=\count124
\c@proposition=\count125
\c@remark=\count126
\c@solution=\count127
\c@summary=\count128

(/usr/share/texlive/texmf-dist/tex/latex/hyperref/hyperref.sty
Package: hyperref 2018/02/06 v6.86b Hypertext links for LaTeX

(/usr/share/texlive/texmf-dist/tex/generic/oberdiek/hobsub-hyperref.sty
Package: hobsub-hyperref 2016/05/16 v1.14 Bundle oberdiek, subset hyperref (HO)


(/usr/share/texlive/texmf-dist/tex/generic/oberdiek/hobsub-generic.sty
Package: hobsub-generic 2016/05/16 v1.14 Bundle oberdiek, subset generic (HO)
Package: hobsub 2016/05/16 v1.14 Construct package bundles (HO)
Package: infwarerr 2016/05/16 v1.4 Providing info/warning/error messages (HO)
Package: ltxcmds 2016/05/16 v1.23 LaTeX kernel commands for general use (HO)
Package: ifluatex 2016/05/16 v1.4 Provides the ifluatex switch (HO)
Package ifluatex Info: LuaTeX not detected.
Package: ifvtex 2016/05/16 v1.6 Detect VTeX and its facilities (HO)
Package ifvtex Info: VTeX not detected.
Package: intcalc 2016/05/16 v1.2 Expandable calculations with integers (HO)
Package: ifpdf 2017/03/15 v3.2 Provides the ifpdf switch
Package: etexcmds 2016/05/16 v1.6 Avoid name clashes with e-TeX commands (HO)
Package etexcmds Info: Could not find \expanded.
(etexcmds)             That can mean that you are not using pdfTeX 1.50 or
(etexcmds)             that some package has redefined \expanded.
(etexcmds)             In the latter case, load this package earlier.
Package: kvsetkeys 2016/05/16 v1.17 Key value parser (HO)
Package: kvdefinekeys 2016/05/16 v1.4 Define keys (HO)
Package: pdftexcmds 2018/01/21 v0.26 Utility functions of pdfTeX for LuaTeX (HO
)
Package pdftexcmds Info: LuaTeX not detected.
Package pdftexcmds Info: \pdf@primitive is available.
Package pdftexcmds Info: \pdf@ifprimitive is available.
Package pdftexcmds Info: \pdfdraftmode found.
Package: pdfescape 2016/05/16 v1.14 Implements pdfTeX's escape features (HO)
Package: bigintcalc 2016/05/16 v1.4 Expandable calculations on big integers (HO
)
Package: bitset 2016/05/16 v1.2 Handle bit-vector datatype (HO)
Package: uniquecounter 2016/05/16 v1.3 Provide unlimited unique counter (HO)
)
Package hobsub Info: Skipping package `hobsub' (already loaded).
Package: letltxmacro 2016/05/16 v1.5 Let assignment for LaTeX macros (HO)
Package: hopatch 2016/05/16 v1.3 Wrapper for package hooks (HO)
Package: xcolor-patch 2016/05/16 xcolor patch
Package: atveryend 2016/05/16 v1.9 Hooks at the very end of document (HO)
Package atveryend Info: \enddocument detected (standard20110627).
Package: atbegshi 2016/06/09 v1.18 At begin shipout hook (HO)
Package: refcount 2016/05/16 v3.5 Data extraction from label references (HO)
Package: hycolor 2016/05/16 v1.8 Color options for hyperref/bookmark (HO)
)
(/usr/share/texlive/texmf-dist/tex/generic/ifxetex/ifxetex.sty
Package: ifxetex 2010/09/12 v0.6 Provides ifxetex conditional
)
(/usr/share/texlive/texmf-dist/tex/latex/oberdiek/auxhook.sty
Package: auxhook 2016/05/16 v1.4 Hooks for auxiliary files (HO)
)
(/usr/share/texlive/texmf-dist/tex/latex/oberdiek/kvoptions.sty
Package: kvoptions 2016/05/16 v3.12 Key value format for package options (HO)
)
\@linkdim=\dimen130
\Hy@linkcounter=\count129
\Hy@pagecounter=\count130

(/usr/share/texlive/texmf-dist/tex/latex/hyperref/pd1enc.def
File: pd1enc.def 2018/02/06 v6.86b Hyperref: PDFDocEncoding definition (HO)
Now handling font encoding PD1 ...
... no UTF-8 mapping file for font encoding PD1
)
\Hy@SavedSpaceFactor=\count131

(/usr/share/texlive/texmf-dist/tex/latex/latexconfig/hyperref.cfg
File: hyperref.cfg 2002/06/06 v1.2 hyperref configuration of TeXLive
)
Package hyperref Info: Option `colorlinks' set `true' on input line 4383.
Package hyperref Info: Hyper figures OFF on input line 4509.
Package hyperref Info: Link nesting OFF on input line 4514.
Package hyperref Info: Hyper index ON on input line 4517.
Package hyperref Info: Plain pages OFF on input line 4524.
Package hyperref Info: Backreferencing OFF on input line 4529.
Package hyperref Info: Implicit mode ON; LaTeX internals redefined.
Package hyperref Info: Bookmarks ON on input line 4762.
\c@Hy@tempcnt=\count132

(/usr/share/texlive/texmf-dist/tex/latex/url/url.sty
\Urlmuskip=\muskip11
Package: url 2013/09/16  ver 3.4  Verb mode for urls, etc.
)
LaTeX Info: Redefining \url on input line 5115.
\XeTeXLinkMargin=\dimen131
\Fld@menulength=\count133
\Field@Width=\dimen132
\Fld@charsize=\dimen133
Package hyperref Info: Hyper figures OFF on input line 6369.
Package hyperref Info: Link nesting OFF on input line 6374.
Package hyperref Info: Hyper index ON on input line 6377.
Package hyperref Info: backreferencing OFF on input line 6384.
Package hyperref Info: Link coloring ON on input line 6387.
Package hyperref Info: Link coloring with OCG OFF on input line 6394.
Package hyperref Info: PDF/A mode OFF on input line 6399.
LaTeX Info: Redefining \ref on input line 6439.
LaTeX Info: Redefining \pageref on input line 6443.
\Hy@abspage=\count134
\c@Item=\count135
\c@Hfootnote=\count136
)
Package hyperref Info: Driver (autodetected): hpdftex.

(/usr/share/texlive/texmf-dist/tex/latex/hyperref/hpdftex.def
File: hpdftex.def 2018/02/06 v6.86b Hyperref driver for pdfTeX
\Fld@listcount=\count137
\c@bookmark@seq@number=\count138

(/usr/share/texlive/texmf-dist/tex/latex/oberdiek/rerunfilecheck.sty
Package: rerunfilecheck 2016/05/16 v1.8 Rerun checks for auxiliary files (HO)
Package uniquecounter Info: New unique counter `rerunfilecheck' on input line 2
82.
)
\Hy@SectionHShift=\skip50
)
(/usr/share/texlive/texmf-dist/tex/latex/titlesec/titlesec.sty
Package: titlesec 2016/03/21 v2.10.2 Sectioning titles
\ttl@box=\box28
\beforetitleunit=\skip51
\aftertitleunit=\skip52
\ttl@plus=\dimen134
\ttl@minus=\dimen135
\ttl@toksa=\toks24
\titlewidth=\dimen136
\titlewidthlast=\dimen137
\titlewidthfirst=\dimen138
))
(/usr/share/texlive/texmf-dist/tex/latex/textpos/textpos.sty
Package: textpos 2016/06/07 v1.8

Package: textpos 2016/06/07 1.8, absolute positioning of text on the page
\TP@textbox=\box29
\TPHorizModule=\dimen139
\TPVertModule=\dimen140
\TP@margin=\dimen141
\TP@absmargin=\dimen142
Grid set 16 x 16 = 38.39343pt x 49.68562pt
\TPboxrulesize=\dimen143
\TP@tbargs=\toks25
\TP@prevdepth=\dimen144
) (/usr/share/texlive/texmf-dist/tex/latex/framed/framed.sty
Package: framed 2011/10/22 v 0.96: framed or shaded text with page breaks
\OuterFrameSep=\skip53
\fb@frw=\dimen145
\fb@frh=\dimen146
\FrameRule=\dimen147
\FrameSep=\dimen148
)
(/usr/share/texlive/texmf-dist/tex/latex/lineno/lineno.sty
Package: lineno 2005/11/02 line numbers on paragraphs v4.41
\linenopenalty=\count139
\output=\toks26
\linenoprevgraf=\count140
\linenumbersep=\dimen149
\linenumberwidth=\dimen150
\c@linenumber=\count141
\c@pagewiselinenumber=\count142
\c@LN@truepage=\count143
\c@internallinenumber=\count144
\c@internallinenumbers=\count145
\quotelinenumbersep=\dimen151
\bframerule=\dimen152
\bframesep=\dimen153
\bframebox=\box30
LaTeX Info: Redefining \\ on input line 3056.
)
(/usr/share/texlive/texmf-dist/tex/latex/doublestroke/dsfont.sty
Package: dsfont 1995/08/01 v0.1 Double stroke roman fonts
)
(/usr/share/texlive/texmf-dist/tex/latex/multibib/multibib.sty
Package: multibib 2008/12/10 v1.4 Multiple bibliographies for one document.
\mb@biblabelwidth=\count146
) (./INICIO.aux
LaTeX Info: Redefining \. on input line 20.
LaTeX Info: Redefining \% on input line 20.
)
\openout1 = `INICIO.aux'.

LaTeX Font Info:    Checking defaults for OML/cmm/m/it on input line 22.
LaTeX Font Info:    ... okay on input line 22.
LaTeX Font Info:    Checking defaults for T1/cmr/m/n on input line 22.
LaTeX Font Info:    ... okay on input line 22.
LaTeX Font Info:    Checking defaults for OT1/cmr/m/n on input line 22.
LaTeX Font Info:    ... okay on input line 22.
LaTeX Font Info:    Checking defaults for OMS/cmsy/m/n on input line 22.
LaTeX Font Info:    ... okay on input line 22.
LaTeX Font Info:    Checking defaults for OMX/cmex/m/n on input line 22.
LaTeX Font Info:    ... okay on input line 22.
LaTeX Font Info:    Checking defaults for U/cmr/m/n on input line 22.
LaTeX Font Info:    ... okay on input line 22.
LaTeX Font Info:    Checking defaults for TS1/cmr/m/n on input line 22.
LaTeX Font Info:    Try loading font information for TS1+cmr on input line 22.

(/usr/share/texlive/texmf-dist/tex/latex/base/ts1cmr.fd
File: ts1cmr.fd 2014/09/29 v2.5h Standard LaTeX font definitions
)
LaTeX Font Info:    ... okay on input line 22.
LaTeX Font Info:    Checking defaults for PD1/pdf/m/n on input line 22.
LaTeX Font Info:    ... okay on input line 22.
LaTeX Font Info:    Try loading font information for T1+lmr on input line 22.

(/usr/share/texmf/tex/latex/lm/t1lmr.fd
File: t1lmr.fd 2009/10/30 v1.6 Font defs for Latin Modern
)
LaTeX Info: Redefining \. on input line 22.
LaTeX Info: Redefining \% on input line 22.

(/usr/share/texlive/texmf-dist/tex/context/base/mkii/supp-pdf.mkii
[Loading MPS to PDF converter (version 2006.09.02).]
\scratchcounter=\count147
\scratchdimen=\dimen154
\scratchbox=\box31
\nofMPsegments=\count148
\nofMParguments=\count149
\everyMPshowfont=\toks27
\MPscratchCnt=\count150
\MPscratchDim=\dimen155
\MPnumerator=\count151
\makeMPintoPDFobject=\count152
\everyMPtoPDFconversion=\toks28
) (/usr/share/texlive/texmf-dist/tex/latex/oberdiek/epstopdf-base.sty
Package: epstopdf-base 2016/05/15 v2.6 Base part for package epstopdf

(/usr/share/texlive/texmf-dist/tex/latex/oberdiek/grfext.sty
Package: grfext 2016/05/16 v1.2 Manage graphics extensions (HO)
)
Package epstopdf-base Info: Redefining graphics rule for `.eps' on input line 4
38.
Package grfext Info: Graphics extension search list:
(grfext)             [.pdf,.png,.jpg,.mps,.jpeg,.jbig2,.jb2,.PDF,.PNG,.JPG,.JPE
G,.JBIG2,.JB2,.eps]
(grfext)             \AppendGraphicsExtensions on input line 456.

(/usr/share/texlive/texmf-dist/tex/latex/latexconfig/epstopdf-sys.cfg
File: epstopdf-sys.cfg 2010/07/13 v1.3 Configuration of (r)epstopdf for TeX Liv
e
))
\AtBeginShipoutBox=\box32
Package hyperref Info: Link coloring ON on input line 22.

(/usr/share/texlive/texmf-dist/tex/latex/hyperref/nameref.sty
Package: nameref 2016/05/21 v2.44 Cross-referencing by name of section

(/usr/share/texlive/texmf-dist/tex/generic/oberdiek/gettitlestring.sty
Package: gettitlestring 2016/05/16 v1.5 Cleanup title references (HO)
)
\c@section@level=\count153
)
LaTeX Info: Redefining \ref on input line 22.
LaTeX Info: Redefining \pageref on input line 22.
LaTeX Info: Redefining \nameref on input line 22.

(./INICIO.out) (./INICIO.out)
\@outlinefile=\write3
\openout3 = `INICIO.out'.

<Escudo-UNAM.png, id=124, 240.9pt x 275.0275pt>
File: Escudo-UNAM.png Graphic file (type png)
<use Escudo-UNAM.png>
Package pdftex.def Info: Escudo-UNAM.png  used on input line 37.
(pdftex.def)             Requested size: 72.26999pt x 82.50468pt.
<Escudo-IBT.png, id=126, 208.78pt x 205.76875pt>
File: Escudo-IBT.png Graphic file (type png)
<use Escudo-IBT.png>
Package pdftex.def Info: Escudo-IBT.png  used on input line 37.
(pdftex.def)             Requested size: 57.81621pt x 56.9806pt.
LaTeX Font Info:    Try loading font information for OT1+lmr on input line 37.
 (/usr/share/texmf/tex/latex/lm/ot1lmr.fd
File: ot1lmr.fd 2009/10/30 v1.6 Font defs for Latin Modern
)
LaTeX Font Info:    Try loading font information for OML+lmm on input line 37.

(/usr/share/texmf/tex/latex/lm/omllmm.fd
File: omllmm.fd 2009/10/30 v1.6 Font defs for Latin Modern
)
LaTeX Font Info:    Try loading font information for OMS+lmsy on input line 37.


(/usr/share/texmf/tex/latex/lm/omslmsy.fd
File: omslmsy.fd 2009/10/30 v1.6 Font defs for Latin Modern
)
LaTeX Font Info:    Try loading font information for OMX+lmex on input line 37.


(/usr/share/texmf/tex/latex/lm/omxlmex.fd
File: omxlmex.fd 2009/10/30 v1.6 Font defs for Latin Modern
)
LaTeX Font Info:    External font `lmex10' loaded for size
(Font)              <10.95> on input line 37.
LaTeX Font Info:    External font `lmex10' loaded for size
(Font)              <8> on input line 37.
LaTeX Font Info:    External font `lmex10' loaded for size
(Font)              <6> on input line 37.
LaTeX Font Info:    Try loading font information for U+msa on input line 37.

(/usr/share/texlive/texmf-dist/tex/latex/amsfonts/umsa.fd
File: umsa.fd 2013/01/14 v3.01 AMS symbols A
)
LaTeX Font Info:    Try loading font information for U+msb on input line 37.

(/usr/share/texlive/texmf-dist/tex/latex/amsfonts/umsb.fd
File: umsb.fd 2013/01/14 v3.01 AMS symbols B
)
Underfull \vbox (badness 10000) detected at line 37
 []


Underfull \hbox (badness 10000) detected at line 37
\T1/lmr/m/n/24.88 T E S I S
 []


Overfull \hbox (0.96623pt too wide) in paragraph at lines 37--37
[]$[]$ $[]$ 
 []


Overfull \vbox (7.22745pt too high) detected at line 37
 []

[1

{/var/lib/texmf/fonts/map/pdftex/updmap/pdftex.map} <./Escudo-UNAM.png> <./Escu
do-IBT.png>] [2]
LaTeX Font Info:    Try loading font information for T1+lmss on input line 40.
 (/usr/share/texmf/tex/latex/lm/t1lmss.fd
File: t1lmss.fd 2009/10/30 v1.6 Font defs for Latin Modern
) (./INICIO.toc
LaTeX Info: Redefining \. on input line 1.
LaTeX Info: Redefining \% on input line 1.
)
\tf@toc=\write4
\openout4 = `INICIO.toc'.


[3

] (./INICIO.lot
LaTeX Info: Redefining \. on input line 1.
LaTeX Info: Redefining \% on input line 1.
)
\tf@lot=\write5
\openout5 = `INICIO.lot'.

 [4


] (./INICIO.lof
LaTeX Info: Redefining \. on input line 1.
LaTeX Info: Redefining \% on input line 1.
LaTeX Font Info:    Try loading font information for T1+lmtt on input line 3.
 (/usr/share/texmf/tex/latex/lm/t1lmtt.fd
File: t1lmtt.fd 2009/10/30 v1.6 Font defs for Latin Modern
)
Overfull \hbox (1.8656pt too wide) in paragraph at lines 4--4
 [][] [][][]\T1/lmr/m/n/10.95 La his-to-ria del Uni-ver-so. Pá-gi-na de ori-gen
: [][]$\T1/lmtt/m/n/10.95 https : / / notodoeskippel . blogspot . 
 []


Overfull \hbox (43.51553pt too wide) in paragraph at lines 6--6
 \T1/lmr/m/n/10.95 xia NGC 3198. Pá-gi-na de ori-gen: [][]$\T1/lmtt/m/n/10.95 h
ttps : / / earthsky . org / clusters-[]nebulae-[]galaxies / 
 []


Overfull \hbox (46.23892pt too wide) in paragraph at lines 6--6
 \T1/lmr/m/n/10.95 ga-la-xias Co-ma. Pá-gi-na de ori-gen: [][]$\T1/lmtt/m/n/10.
95 https : / / earthsky . org / clusters-[]nebulae-[]galaxies / 
 []


Overfull \hbox (73.99496pt too wide) in paragraph at lines 7--7
 \T1/lmtt/m/n/10.95 alquimiayciencias . blogspot . com / 2013 / 06 / explicando
-[]la-[]materia-[]oscura-[]cualquiera . 
 []


Overfull \hbox (199.63959pt too wide) in paragraph at lines 10--10
 \T1/lmr/m/n/10.95 2207. Pá-gi-na de ori-gen: [][]$\T1/lmtt/m/n/10.95 https : /
 / mundo . sputniknews . com / espacio / 201611051064627262-[]ic-[]2163-[]ngc-[
]2207-[]fusion/$[][]\T1/lmr/m/n/10.95 , 
 []


Underfull \vbox (badness 10000) has occurred while \output is active []

 [5


]
Overfull \hbox (39.84294pt too wide) in paragraph at lines 12--12
 \T1/lmtt/m/n/10.95 theconversation . com / goodbye-[]for-[]a-[]while-[]to-[]th
e-[]large-[]hadron-[]collider-[]12238$[][]\T1/lmr/m/n/10.95 .[][] [][]  
 []


Overfull \hbox (16.4894pt too wide) in paragraph at lines 13--13
 [][] [][][]\T1/lmr/m/n/10.95 Plan de ac-tua-li-za-ción del ex-pe-ri-men-to [][
]\T1/lmr/bx/n/10.95 LHC[][]\T1/lmr/m/n/10.95 . Pa-gi-na de ori-gen: [][]$\T1/lm
tt/m/n/10.95 https : / / hilumilhc . 
 []

)
\tf@lof=\write6
\openout6 = `INICIO.lof'.

 [6] [7

] (./link.tex) (./Introduccion/Introduccion.tex) [1

]
Cap\'{\i }tulo 1.
(./Fisica_de_Particulas/Introduccion.tex) (./Fisica_de_Particulas/Universo.tex
Underfull \vbox (badness 10000) has occurred while \output is active []

 [2

]
<Fisica_de_Particulas/imagenes/universo.png, id=407, 3083.52pt x 1541.76pt>
File: Fisica_de_Particulas/imagenes/universo.png Graphic file (type png)
<use Fisica_de_Particulas/imagenes/universo.png>
Package pdftex.def Info: Fisica_de_Particulas/imagenes/universo.png  used on in
put line 20.
(pdftex.def)             Requested size: 221.32935pt x 110.66316pt.
<Fisica_de_Particulas/imagenes/Universo_evo0.jpg, id=408, 1001.24063pt x 656.45
25pt>
File: Fisica_de_Particulas/imagenes/Universo_evo0.jpg Graphic file (type jpg)
<use Fisica_de_Particulas/imagenes/Universo_evo0.jpg>
Package pdftex.def Info: Fisica_de_Particulas/imagenes/Universo_evo0.jpg  used 
on input line 21.
(pdftex.def)             Requested size: 221.32935pt x 145.11115pt.

[3 <./Fisica_de_Particulas/imagenes/universo.png> <./Fisica_de_Particulas/image
nes/Universo_evo0.jpg>]
LaTeX Font Info:    Try loading font information for TS1+lmr on input line 39.
 (/usr/share/texmf/tex/latex/lm/ts1lmr.fd
File: ts1lmr.fd 2009/10/30 v1.6 Font defs for Latin Modern
) [4]
<Fisica_de_Particulas/imagenes/History_of_the_Universe_(Fermilab_1989).jpg, id=
439, 993.7125pt x 1025.33063pt>
File: Fisica_de_Particulas/imagenes/History_of_the_Universe_(Fermilab_1989).jpg
 Graphic file (type jpg)
<use Fisica_de_Particulas/imagenes/History_of_the_Universe_(Fermilab_1989).jpg>

Package pdftex.def Info: Fisica_de_Particulas/imagenes/History_of_the_Universe_
(Fermilab_1989).jpg  used on input line 58.
(pdftex.def)             Requested size: 271.01524pt x 279.64346pt.
 [5 <./Fisica_de_Particulas/imagenes/History_of_the_Universe_(Fermilab_1989).jp
g>])
[6] (./Fisica_de_Particulas/Modelo_estandar.tex)
(./Fisica_de_Particulas/Materia_y_Fuerzas.tex
<Fisica_de_Particulas/imagenes/standard_model.png, id=471, 501.875pt x 376.4062
5pt>
File: Fisica_de_Particulas/imagenes/standard_model.png Graphic file (type png)
<use Fisica_de_Particulas/imagenes/standard_model.png>
Package pdftex.def Info: Fisica_de_Particulas/imagenes/standard_model.png  used
 on input line 7.
(pdftex.def)             Requested size: 221.32935pt x 165.99832pt.
<Fisica_de_Particulas/imagenes/atom.jpg, id=472, 359.84438pt x 155.07938pt>
File: Fisica_de_Particulas/imagenes/atom.jpg Graphic file (type jpg)
<use Fisica_de_Particulas/imagenes/atom.jpg>
Package pdftex.def Info: Fisica_de_Particulas/imagenes/atom.jpg  used on input 
line 8.
(pdftex.def)             Requested size: 221.32935pt x 95.38861pt.

Underfull \vbox (badness 10000) has occurred while \output is active []

 [7]
[8 <./Fisica_de_Particulas/imagenes/standard_model.png> <./Fisica_de_Particulas
/imagenes/atom.jpg>] [9])
(./Fisica_de_Particulas/lagrangiano_modelo_estandar.tex [10] [11] [12])
(./Fisica_de_Particulas/Insuficiencias_ME.tex [13])
(./Fisica_de_Particulas/Materia_Oscura.tex)
(./Fisica_de_Particulas/Pruebas_Oscuras.tex
Underfull \vbox (badness 1286) has occurred while \output is active []

 [14]
<Fisica_de_Particulas/imagenes/fritz.png, id=585, 602.25pt x 446.41782pt>
File: Fisica_de_Particulas/imagenes/fritz.png Graphic file (type png)
<use Fisica_de_Particulas/imagenes/fritz.png>
Package pdftex.def Info: Fisica_de_Particulas/imagenes/fritz.png  used on input
 line 19.
(pdftex.def)             Requested size: 221.32935pt x 164.06168pt.
<Fisica_de_Particulas/imagenes/Coma-Cluster.jpg, id=586, 803.0pt x 576.1525pt>
File: Fisica_de_Particulas/imagenes/Coma-Cluster.jpg Graphic file (type jpg)
<use Fisica_de_Particulas/imagenes/Coma-Cluster.jpg>
Package pdftex.def Info: Fisica_de_Particulas/imagenes/Coma-Cluster.jpg  used o
n input line 20.
(pdftex.def)             Requested size: 221.32935pt x 158.79846pt.

Underfull \hbox (badness 3668) in paragraph at lines 21--21
\T1/lmtt/m/n/10.95 the-[]coma-[]berenices-[]galaxy-[]cluster$[][]\T1/lmr/m/n/10
.95 , (b) Vi-sua-li-za-ción del cú-mu-lo de $\U/msa/m/n/10.95 v \OT1/lmr/m/n/10
.95 10[]$ \T1/lmr/m/n/10.95 ga-
 []


Underfull \hbox (badness 2922) in paragraph at lines 21--21
\T1/lmr/m/n/10.95 la-xias Co-ma. Pá-gi-na de ori-gen: [][]$\T1/lmtt/m/n/10.95 h
ttps : / / earthsky . org / clusters-[]nebulae-[]galaxies /
 []

<Fisica_de_Particulas/imagenes/lentes.jpg, id=601, 746.79pt x 263.48438pt>
File: Fisica_de_Particulas/imagenes/lentes.jpg Graphic file (type jpg)
<use Fisica_de_Particulas/imagenes/lentes.jpg>
Package pdftex.def Info: Fisica_de_Particulas/imagenes/lentes.jpg  used on inpu
t line 34.
(pdftex.def)             Requested size: 451.6875pt x 159.36632pt.
<Fisica_de_Particulas/imagenes/lentes.png, id=607, 1334.73656pt x 380.92313pt>
File: Fisica_de_Particulas/imagenes/lentes.png Graphic file (type png)
<use Fisica_de_Particulas/imagenes/lentes.png>
Package pdftex.def Info: Fisica_de_Particulas/imagenes/lentes.png  used on inpu
t line 42.
(pdftex.def)             Requested size: 451.6875pt x 128.90765pt.

Underfull \hbox (badness 1057) in paragraph at lines 43--43
[]\T1/lmr/m/n/10.95 Figura 1-6: []Simulación de un cam-po de ga-la-xias cir-cu-
la-res, el rui-do de fon-do es un
 []


Underfull \hbox (badness 1024) in paragraph at lines 43--43
\T1/lmr/m/n/10.95 gru-po de ga-la-xias rea-lis-ta de fon-do. Pá-gi-na de ori-ge
n: [][]$\T1/lmtt/m/n/10.95 https : / / fos . cmb . ac . lk / blog /
 []


Underfull \vbox (badness 10000) has occurred while \output is active []

 [15 <./Fisica_de_Particulas/imagenes/fritz.png> <./Fisica_de_Particulas/imagen
es/Coma-Cluster.jpg>] [16 <./Fisica_de_Particulas/imagenes/lentes.jpg> <./Fisic
a_de_Particulas/imagenes/lentes.png>]
<Fisica_de_Particulas/imagenes/lentes3.png, id=637, 1274.51157pt x 361.35pt>
File: Fisica_de_Particulas/imagenes/lentes3.png Graphic file (type png)
<use Fisica_de_Particulas/imagenes/lentes3.png>
Package pdftex.def Info: Fisica_de_Particulas/imagenes/lentes3.png  used on inp
ut line 51.
(pdftex.def)             Requested size: 451.6875pt x 128.06235pt.
<Fisica_de_Particulas/imagenes/fritz2.png, id=647, 1462.71469pt x 272.51813pt>
File: Fisica_de_Particulas/imagenes/fritz2.png Graphic file (type png)
<use Fisica_de_Particulas/imagenes/fritz2.png>
Package pdftex.def Info: Fisica_de_Particulas/imagenes/fritz2.png  used on inpu
t line 65.
(pdftex.def)             Requested size: 451.6875pt x 84.15123pt.

Underfull \hbox (badness 10000) in paragraph at lines 66--66
\T1/lmtt/m/n/10.95 / / mundo . sputniknews . com / espacio / 201611051064627262
-[]ic-[]2163-[]ngc-[]2207-[]fusion/$[][]\T1/lmr/m/n/10.95 ,
 []


Underfull \hbox (badness 2426) in paragraph at lines 66--66
\T1/lmr/m/n/10.95 (c) Si-mu-la-ción por compu-tado-ra de la fu-tu-ra co-li-sión
 pre-vis-ta de las dos ga-la-xias
 []


Underfull \vbox (badness 10000) has occurred while \output is active []

 [17 <./Fisica_de_Particulas/imagenes/lentes3.png>] [18 <./Fisica_de_Particulas
/imagenes/fritz2.png>]) (./Fisica_de_Particulas/Alternativas_Oscura.tex
Underfull \vbox (badness 10000) has occurred while \output is active []

 [19]
[20]) (./Fisica_de_Particulas/Materia_Oscura_Composicion.tex [21]
Overfull \hbox (0.79332pt too wide) in paragraph at lines 42--43
[]\T1/lmr/m/n/10.95 Más in-for-ma-ción en: [][]\T1/lmtt/m/n/10.95 https://wikim
ili.com/en/Weakly_interacting_massive_par-ti-
 []

[22]) (./Fisica_de_Particulas/Experimentos_Oscura.tex [23]
Overfull \hbox (2.08606pt too wide) in paragraph at lines 31--32
[]\T1/lmr/bx/n/10.95 Pagina del pro-yec-to : [][]$\T1/lmtt/m/n/10.95 https : / 
/ wikimili . com / en / China _ Jinping _ Underground _
 []


Overfull \hbox (2.08606pt too wide) in paragraph at lines 131--132
[]\T1/lmr/bx/n/10.95 Pagina del pro-yec-to : [][]$\T1/lmtt/m/n/10.95 https : / 
/ hepwww . pp . rl . ac . uk / groups / ukdmc / ukdmc _ old .
 []

[24]
Overfull \hbox (2.08606pt too wide) in paragraph at lines 151--152
[]\T1/lmr/bx/n/10.95 Pagina del pro-yec-to : [][]$\T1/lmtt/m/n/10.95 https : / 
/ hepwww . pp . rl . ac . uk / groups / ukdmc / ukdmc . html$[][] 
 []


Overfull \hbox (0.73209pt too wide) in paragraph at lines 168--169
[][][]\T1/lmr/bx/n/10.95 ANTARES \T1/lmr/m/n/10.95 (\T1/lmr/bx/n/10.95 A\T1/lmr
/m/n/10.95 stronomy with a \T1/lmr/bx/n/10.95 N\T1/lmr/m/n/10.95 eutrino \T1/lm
r/bx/n/10.95 T\T1/lmr/m/n/10.95 elescope and \T1/lmr/bx/n/10.95 A\T1/lmr/m/n/10
.95 byss en-vi-ron-men-tal \T1/lmr/bx/n/10.95 RES\T1/lmr/m/n/10.95 earch
 []

[25]
Overfull \hbox (14.58353pt too wide) in paragraph at lines 222--223
[]\T1/lmr/bx/n/10.95 Pagina del pro-yec-to : [][]$\T1/lmtt/m/n/10.95 https : / 
/ stratocat . com . ar / fichas-[]e / 1991 / FSU-[]19910923 .
 []

[26]

Package hyperref Warning: Suppressing link with empty target on input line 232.



Overfull \hbox (8.8348pt too wide) in paragraph at lines 236--237
[]\T1/lmr/bx/n/10.95 Pagina del pro-yec-to : [][]$\T1/lmtt/m/n/10.95 http : / /
 stratocat . com . ar / fichas-[]e / 1994 / FSU-[]19940503 .
 []

) [27]
Cap\'{\i }tulo 2.
(./Analisis_y_Resultados/Introduccion.tex)
(./Analisis_y_Resultados/materia_oscura_LHC.tex
Underfull \vbox (badness 1102) has occurred while \output is active []

 [28

]
<Analisis_y_Resultados/imagenes/cern.png, id=884, 1337.74782pt x 460.72125pt>
File: Analisis_y_Resultados/imagenes/cern.png Graphic file (type png)
<use Analisis_y_Resultados/imagenes/cern.png>
Package pdftex.def Info: Analisis_y_Resultados/imagenes/cern.png  used on input
 line 28.
(pdftex.def)             Requested size: 451.6875pt x 155.56052pt.

Underfull \hbox (badness 1360) in paragraph at lines 29--29
[]\T1/lmr/m/n/10.95 Figura 2-1: [](a) Dia-gra-ma de los ex-pe-ri-men-tos que co
m-po-nen el cen-tro de in-ves-ti-ga-
 []

[29 <./Analisis_y_Resultados/imagenes/cern.png>])
(./Analisis_y_Resultados/LHC_Actualizacion.tex
<Analisis_y_Resultados/imagenes/CMS_upgrade.png, id=914, 1075.76906pt x 312.417
19pt>
File: Analisis_y_Resultados/imagenes/CMS_upgrade.png Graphic file (type png)
<use Analisis_y_Resultados/imagenes/CMS_upgrade.png>
Package pdftex.def Info: Analisis_y_Resultados/imagenes/CMS_upgrade.png  used o
n input line 21.
(pdftex.def)             Requested size: 451.6875pt x 131.17618pt.
 [30 <./Analisis_y_Resultados/imagenes/CMS_upgrade.png>]) (./Analisis_y_Resulta
dos/Experimento_CMS_del_CERN.tex
<Analisis_y_Resultados/imagenes/CMS_interaction.png, id=932, 848.4197pt x 405.0
1312pt>
File: Analisis_y_Resultados/imagenes/CMS_interaction.png Graphic file (type png
)
<use Analisis_y_Resultados/imagenes/CMS_interaction.png>
Package pdftex.def Info: Analisis_y_Resultados/imagenes/CMS_interaction.png  us
ed on input line 5.
(pdftex.def)             Requested size: 451.6875pt x 215.62617pt.

Underfull \vbox (badness 10000) has occurred while \output is active []

 [31 <./Analisis_y_Resultados/imagenes/CMS_interaction.png>] [32])
(./Analisis_y_Resultados/Reconstruccion_Muones.tex [33]
Underfull \vbox (badness 10000) has occurred while \output is active []

 [34])
(./Analisis_y_Resultados/CMS_Actualizacion.tex
<Analisis_y_Resultados/imagenes/Momentum_resolution_of_Muon.png, id=962, 1111.1
5125pt x 593.21625pt>
File: Analisis_y_Resultados/imagenes/Momentum_resolution_of_Muon.png Graphic fi
le (type png)
<use Analisis_y_Resultados/imagenes/Momentum_resolution_of_Muon.png>
Package pdftex.def Info: Analisis_y_Resultados/imagenes/Momentum_resolution_of_
Muon.png  used on input line 5.
(pdftex.def)             Requested size: 451.6875pt x 241.14738pt.
<Analisis_y_Resultados/imagenes/Tracking_of_Muon.png, id=963, 1117.17375pt x 59
9.23875pt>
File: Analisis_y_Resultados/imagenes/Tracking_of_Muon.png Graphic file (type pn
g)
<use Analisis_y_Resultados/imagenes/Tracking_of_Muon.png>
Package pdftex.def Info: Analisis_y_Resultados/imagenes/Tracking_of_Muon.png  u
sed on input line 12.
(pdftex.def)             Requested size: 451.6875pt x 242.2789pt.


LaTeX Warning: `!h' float specifier changed to `!ht'.

<Analisis_y_Resultados/imagenes/Eficiencia_of_Muon.png, id=964, 1107.13625pt x 
591.20876pt>
File: Analisis_y_Resultados/imagenes/Eficiencia_of_Muon.png Graphic file (type 
png)
<use Analisis_y_Resultados/imagenes/Eficiencia_of_Muon.png>
Package pdftex.def Info: Analisis_y_Resultados/imagenes/Eficiencia_of_Muon.png 
 used on input line 19.
(pdftex.def)             Requested size: 451.6875pt x 241.19734pt.

LaTeX Warning: `!h' float specifier changed to `!ht'.

) (./Analisis_y_Resultados/Simulacion.tex
Underfull \vbox (badness 1221) has occurred while \output is active []

 [35 <./Analisis_y_Resultados/imagenes/Momentum_resolution_of_Muon.png>]
Underfull \vbox (badness 1199) has occurred while \output is active []

 [36 <./Analisis_y_Resultados/imagenes/Tracking_of_Muon.png> <./Analisis_y_Resu
ltados/imagenes/Eficiencia_of_Muon.png>]) (./Analisis_y_Resultados/Root.tex [37
])
(./Analisis_y_Resultados/EVE.tex
<Analisis_y_Resultados/imagenes/Eve_rand-alieve2.png, id=994, 1383.569pt x 446.
91104pt>
File: Analisis_y_Resultados/imagenes/Eve_rand-alieve2.png Graphic file (type pn
g)
<use Analisis_y_Resultados/imagenes/Eve_rand-alieve2.png>
Package pdftex.def Info: Analisis_y_Resultados/imagenes/Eve_rand-alieve2.png  u
sed on input line 12.
(pdftex.def)             Requested size: 379.41583pt x 122.55653pt.

Overfull \hbox (39.73271pt too wide) in paragraph at lines 24--24
[]\T1/lmtt/m/n/10 root -l examples/EventDisplay.C'("cards/delphes_card_CMS.tcl"
,"delphes_output.root")'[] 
 []

) (./Analisis_y_Resultados/MadGraph.tex [38 <./Analisis_y_Resultados/imagenes/E
ve_rand-alieve2.png>]
Overfull \hbox (9.40977pt too wide) in paragraph at lines 16--17
[]\T1/lmr/m/n/10.95 El prin-ci-pal con-jun-to de he-rra-mien-tas que com-po-nen
 la he-rra-mien-ta Mad-Graph5_aMC@NLO,
 []

) (./Analisis_y_Resultados/Pythia.tex
Underfull \vbox (badness 10000) has occurred while \output is active []

 [39]
Underfull \vbox (badness 10000) has occurred while \output is active []

 [40])
(./Analisis_y_Resultados/Delphes.tex
<Analisis_y_Resultados/imagenes/delphes.png, id=1070, 1463.4675pt x 690.32906pt
>
File: Analisis_y_Resultados/imagenes/delphes.png Graphic file (type png)
<use Analisis_y_Resultados/imagenes/delphes.png>
Package pdftex.def Info: Analisis_y_Resultados/imagenes/delphes.png  used on in
put line 5.
(pdftex.def)             Requested size: 451.6875pt x 213.0623pt.


LaTeX Warning: `!h' float specifier changed to `!ht'.

[41]) (./Analisis_y_Resultados/MSSM.tex)
Underfull \vbox (badness 3746) has occurred while \output is active []

 [42 <./Analisis_y_Resultados/imagenes/delphes.png>]
(./Analisis_y_Resultados/Supersimetria.tex
<Analisis_y_Resultados/imagenes/supersimetrias.png, id=1094, 653.44125pt x 270.
25969pt>
File: Analisis_y_Resultados/imagenes/supersimetrias.png Graphic file (type png)

<use Analisis_y_Resultados/imagenes/supersimetrias.png>
Package pdftex.def Info: Analisis_y_Resultados/imagenes/supersimetrias.png  use
d on input line 5.
(pdftex.def)             Requested size: 451.6875pt x 186.8134pt.
 [43 <./Analisis_y_Resultados/imagenes/supersimetrias.png>]) (./Analisis_y_Resu
ltados/Dark_matter_model.tex

Package natbib Warning: Citation `ams:cern' on page 44 undefined on input line 
8.

<Fisica_de_Particulas/imagenes/AMS_positronflux.png, id=1119, 255.354pt x 179.4
705pt>
File: Fisica_de_Particulas/imagenes/AMS_positronflux.png Graphic file (type png
)
<use Fisica_de_Particulas/imagenes/AMS_positronflux.png>
Package pdftex.def Info: Fisica_de_Particulas/imagenes/AMS_positronflux.png  us
ed on input line 13.
(pdftex.def)             Requested size: 338.76563pt x 238.10123pt.

Underfull \vbox (badness 10000) has occurred while \output is active []

 [44]
Underfull \vbox (badness 2512) has occurred while \output is active []

 [45 <./Fisica_de_Particulas/imagenes/AMS_positronflux.png>]
<Fisica_de_Particulas/imagenes/sketch_darksector.png, id=1133, 359.3425pt x 182
.6825pt>
File: Fisica_de_Particulas/imagenes/sketch_darksector.png Graphic file (type pn
g)
<use Fisica_de_Particulas/imagenes/sketch_darksector.png>
Package pdftex.def Info: Fisica_de_Particulas/imagenes/sketch_darksector.png  u
sed on input line 74.
(pdftex.def)             Requested size: 180.67224pt x 91.85112pt.
<Fisica_de_Particulas/imagenes/darksusy_feynman.png, id=1134, 314.17375pt x 253
.94875pt>
File: Fisica_de_Particulas/imagenes/darksusy_feynman.png Graphic file (type png
)
<use Fisica_de_Particulas/imagenes/darksusy_feynman.png>
Package pdftex.def Info: Fisica_de_Particulas/imagenes/darksusy_feynman.png  us
ed on input line 75.
(pdftex.def)             Requested size: 180.67224pt x 146.03876pt.
 [46]) [47 <./Fisica_de_Particulas/imagenes/sketch_darksector.png> <./Fisica_de
_Particulas/imagenes/darksusy_feynman.png>]
Cap\'{\i }tulo 3.
(./INICIO.bbl [48

] [49

] [50])

Package natbib Warning: There were undefined citations.

Package atveryend Info: Empty hook `BeforeClearDocument' on input line 198.
[51]
Package atveryend Info: Empty hook `AfterLastShipout' on input line 198.
 (./INICIO.aux
LaTeX Info: Redefining \. on input line 20.
LaTeX Info: Redefining \% on input line 20.
)
Package atveryend Info: Executing hook `AtVeryEndDocument' on input line 198.
Package atveryend Info: Executing hook `AtEndAfterFileList' on input line 198.
Package rerunfilecheck Info: File `INICIO.out' has not changed.
(rerunfilecheck)             Checksum: 901540B591A57A36F31ABB427EC4D2B4;2399.
Package atveryend Info: Empty hook `AtVeryVeryEnd' on input line 198.
 ) 
Here is how much of TeX's memory you used:
 10299 strings out of 492982
 148492 string characters out of 6134896
 264580 words of memory out of 5000000
 13389 multiletter control sequences out of 15000+600000
 85264 words of font info for 57 fonts, out of 8000000 for 9000
 1141 hyphenation exceptions out of 8191
 39i,11n,40p,1808b,651s stack positions out of 5000i,500n,10000p,200000b,80000s
{/usr/share/texmf/fonts/enc/dvips/lm/lm-rm.enc}{/usr/share/texmf/fonts/enc/dv
ips/lm/lm-mathsy.enc}{/usr/share/texmf/fonts/enc/dvips/lm/lm-ec.enc}{/usr/share
/texmf/fonts/enc/dvips/lm/lm-ts1.enc}{/usr/share/texmf/fonts/enc/dvips/lm/lm-ma
thex.enc}{/usr/share/texmf/fonts/enc/dvips/lm/lm-mathit.enc}</usr/share/texmf/f
onts/type1/public/lm/lmbx10.pfb></usr/share/texmf/fonts/type1/public/lm/lmbx12.
pfb></usr/share/texmf/fonts/type1/public/lm/lmbx8.pfb></usr/share/texmf/fonts/t
ype1/public/lm/lmbxi10.pfb></usr/share/texmf/fonts/type1/public/lm/lmcsc10.pfb>
</usr/share/texmf/fonts/type1/public/lm/lmex10.pfb></usr/share/texmf/fonts/type
1/public/lm/lmmi10.pfb></usr/share/texmf/fonts/type1/public/lm/lmmi6.pfb></usr/
share/texmf/fonts/type1/public/lm/lmmi8.pfb></usr/share/texmf/fonts/type1/publi
c/lm/lmr10.pfb></usr/share/texmf/fonts/type1/public/lm/lmr12.pfb></usr/share/te
xmf/fonts/type1/public/lm/lmr17.pfb></usr/share/texmf/fonts/type1/public/lm/lmr
6.pfb></usr/share/texmf/fonts/type1/public/lm/lmr8.pfb></usr/share/texmf/fonts/
type1/public/lm/lmri10.pfb></usr/share/texmf/fonts/type1/public/lm/lmss8.pfb></
usr/share/texmf/fonts/type1/public/lm/lmsy10.pfb></usr/share/texmf/fonts/type1/
public/lm/lmsy6.pfb></usr/share/texmf/fonts/type1/public/lm/lmsy8.pfb></usr/sha
re/texmf/fonts/type1/public/lm/lmtt10.pfb></usr/share/texlive/texmf-dist/fonts/
type1/public/amsfonts/symbols/msam10.pfb></usr/share/texlive/texmf-dist/fonts/t
ype1/public/amsfonts/symbols/msbm10.pfb>
Output written on INICIO.pdf (58 pages, 10318835 bytes).
PDF statistics:
 1287 PDF objects out of 1440 (max. 8388607)
 1123 compressed objects within 12 object streams
 165 named destinations out of 1000 (max. 500000)
 366 words of extra memory for PDF output out of 10000 (max. 10000000)

