\BOOKMARK [0][-]{chapter.1}{F\355sica de Part\355culas}{}% 1
\BOOKMARK [1][-]{section.1.1}{El Universo y su evoluci\363n}{chapter.1}% 2
\BOOKMARK [1][-]{section.1.2}{Modelo Est\341ndar}{chapter.1}% 3
\BOOKMARK [2][-]{subsection.1.2.1}{Composici\363n de la Materia y Fuerzas Fundamentales}{section.1.2}% 4
\BOOKMARK [2][-]{subsection.1.2.2}{Simetr\355as y Lagrangiano*}{section.1.2}% 5
\BOOKMARK [2][-]{subsection.1.2.3}{Insuficiencias del modelo*}{section.1.2}% 6
\BOOKMARK [1][-]{section.1.3}{M\341s all\341 del modelo est\341ndar con la Materia Oscura}{chapter.1}% 7
\BOOKMARK [2][-]{subsection.1.3.1}{Evidencias observacionales}{section.1.3}% 8
\BOOKMARK [2][-]{subsection.1.3.2}{Alternativas Te\363ricas}{section.1.3}% 9
\BOOKMARK [2][-]{subsection.1.3.3}{Composici\363n de la Materia Oscura}{section.1.3}% 10
\BOOKMARK [2][-]{subsection.1.3.4}{Experimentos de la Materia Oscura}{section.1.3}% 11
\BOOKMARK [0][-]{chapter.2}{Antecedentes Te\363ricos y Experimentales.}{}% 12
\BOOKMARK [1][-]{section.2.1}{F\355sica de Altas Energ\355as.}{chapter.2}% 13
\BOOKMARK [2][-]{subsection.2.1.1}{Actualizando HLC.}{section.2.1}% 14
\BOOKMARK [1][-]{section.2.2}{Experimento CMS.}{chapter.2}% 15
\BOOKMARK [2][-]{subsection.2.2.1}{Reconstruccion de Muones.}{section.2.2}% 16
\BOOKMARK [2][-]{subsection.2.2.2}{Actualizando CMS.*}{section.2.2}% 17
\BOOKMARK [1][-]{section.2.3}{Simulaci\363n en Altas Energ\355as.}{chapter.2}% 18
\BOOKMARK [2][-]{subsection.2.3.1}{Implementando ROOT.}{section.2.3}% 19
\BOOKMARK [2][-]{subsection.2.3.2}{Visualizaci\363n de eventos con EVE.}{section.2.3}% 20
\BOOKMARK [2][-]{subsection.2.3.3}{Altas Energ\355as con MadGraph.}{section.2.3}% 21
\BOOKMARK [2][-]{subsection.2.3.4}{Hadronizacion con Pythia 8.}{section.2.3}% 22
\BOOKMARK [2][-]{subsection.2.3.5}{Simulando el detector con Delphes 3.}{section.2.3}% 23
\BOOKMARK [1][-]{section.2.4}{Extensi\363n del Modelo Est\341ndar con Supersimetr\355a.*}{chapter.2}% 24
\BOOKMARK [2][-]{subsection.2.4.1}{Supersimetria.*}{section.2.4}% 25
\BOOKMARK [2][-]{subsection.2.4.2}{Modelo Minimo Estandar Sim\351trico.*}{section.2.4}% 26
\BOOKMARK [2][-]{subsection.2.4.3}{Definici\363n}{section.2.4}% 27
\BOOKMARK [2][-]{subsection.2.4.4}{Formulaci\363n Te\363rica}{section.2.4}% 28
\BOOKMARK [0][-]{chapter.3}{Simulaci\363n y An\341lisis de Resultados.*}{}% 29
\BOOKMARK [0][-]{chapter*.5}{Referencias Bibliogr\341ficas}{}% 30
